1 -> (-1, -1)
30 -> (-1, -1)
4 -> (-1, -1)
25 -> (-1, -1)
-1 -> (2, 0)
24 -> (-1, -1)
4 -> (-1, -1)
25 -> (-1, -1)
-1 -> (3, 0)
24 -> (-1, -1)
4 -> (-1, -1)
25 -> (-1, -1)
-1 -> (4, 0)
24 -> (-1, -1)
4 -> (-1, -1)
25 -> (-1, -1)
-1 -> (4, 1)
2 -> (-1, -1)
28 -> (-1, -1)
-1 -> (2, 0)
29 -> (-1, -1)
2 -> (-1, -1)
28 -> (-1, -1)
-1 -> (3, 0)
29 -> (-1, -1)
2 -> (-1, -1)
28 -> (-1, -1)
-1 -> (4, 0)
29 -> (-1, -1)
-1 -> (4, 1)
17 -> (-1, -1)
-1 -> (2, 0)
7 -> (-1, -1)
28 -> (-1, -1)
-1 -> (4, 1)
23 -> (-1, -1)
-1 -> (3, 0)
29 -> (-1, -1)
8 -> (-1, -1)
30 -> (-1, -1)
-1 -> (4, 1)
17 -> (-1, -1)
-1 -> (3, 0)
31 -> (-1, -1)
7 -> (-1, -1)
28 -> (-1, -1)
-1 -> (4, 1)
23 -> (-1, -1)
-1 -> (4, 0)
29 -> (-1, -1)
8 -> (-1, -1)
30 -> (-1, -1)
-1 -> (4, 1)
17 -> (-1, -1)
-1 -> (4, 0)
31 -> (-1, -1)
3 -> (-1, -1)
28 -> (-1, -1)
-1 -> (4, 1)
29 -> (-1, -1)
31 -> (-1, -1)
