1 -> (-1, -1)
30 -> (-1, -1)
4 -> (-1, -1)
25 -> (-1, -1)
-1 -> (5, 0)
24 -> (-1, -1)
4 -> (-1, -1)
25 -> (-1, -1)
-1 -> (9, 0)
24 -> (-1, -1)
4 -> (-1, -1)
25 -> (-1, -1)
-1 -> (6, 0)
2 -> (-1, -1)
28 -> (-1, -1)
-1 -> (5, 0)
29 -> (-1, -1)
-1 -> (6, 0)
17 -> (-1, -1)
-2 -> (8, 0)
10 -> (-1, -1)
28 -> (-1, -1)
-1 -> (5, 0)
23 -> (-1, -1)
-2 -> (8, 0)
29 -> (-1, -1)
11 -> (-1, -1)
30 -> (-1, -1)
2 -> (-1, -1)
28 -> (-1, -1)
-1 -> (9, 0)
29 -> (-1, -1)
-1 -> (6, 0)
17 -> (-1, -1)
-1 -> (6, 0)
12 -> (-1, -1)
-1 -> (9, 0)
-1 -> (5, 0)
17 -> (-1, -1)
-1 -> (5, 0)
13 -> (-1, -1)
-2 -> (9, 1)
31 -> (-1, -1)
3 -> (-1, -1)
28 -> (-1, -1)
-1 -> (6, 0)
29 -> (-1, -1)
31 -> (-1, -1)
