23 -> (-1, -1)
3 -> (-1, -1)
24 -> (-1, -1)
1 -> (0, 0)
10 -> (-1, -1)
30 -> (-1, -1)
5 -> (-1, -1)
1 -> (0, 0)
6 -> (-1, -1)
10 -> (-1, -1)
24 -> (-1, -1)
1 -> (9, 0)
16 -> (-1, -1)
2 -> (1, 0)
10 -> (-1, -1)
27 -> (-1, -1)
5 -> (-1, -1)
1 -> (0, 0)
17 -> (-1, -1)
2 -> (0, 0)
6 -> (-1, -1)
3 -> (-1, -1)
31 -> (-1, -1)
5 -> (-1, -1)
2 -> (6, 0)
6 -> (-1, -1)
10 -> (-1, -1)
4 -> (-1, -1)
28 -> (-1, -1)
3 -> (-1, -1)
29 -> (-1, -1)
5 -> (-1, -1)
1 -> (0, 0)
18 -> (-1, -1)
2 -> (0, 0)
6 -> (-1, -1)
3 -> (-1, -1)
1 -> (9, 0)
16 -> (-1, -1)
1 -> (9, 0)
14 -> (-1, -1)
1 -> (0, 0)
10 -> (-1, -1)
1 -> (0, 0)
16 -> (-1, -1)
1 -> (0, 0)
13 -> (-1, -1)
2 -> (1, 0)
10 -> (-1, -1)
4 -> (-1, -1)
31 -> (-1, -1)
5 -> (-1, -1)
2 -> (7, 0)
6 -> (-1, -1)
10 -> (-1, -1)
31 -> (-1, -1)
5 -> (-1, -1)
1 -> (0, 0)
6 -> (-1, -1)
10 -> (-1, -1)
31 -> (-1, -1)
5 -> (-1, -1)
2 -> (2, 0)
6 -> (-1, -1)
10 -> (-1, -1)
31 -> (-1, -1)
5 -> (-1, -1)
1 -> (9, 0)
6 -> (-1, -1)
10 -> (-1, -1)
4 -> (-1, -1)
