main -> (-1, -1)
{ -> (-1, -1)
integer -> (-1, -1)
id -> (7, 0)
; -> (-1, -1)
integer -> (-1, -1)
id -> (8, 0)
; -> (-1, -1)
integer -> (-1, -1)
id -> (9, 0)
; -> (-1, -1)
read -> (-1, -1)
( -> (-1, -1)
id -> (7, 0)
) -> (-1, -1)
; -> (-1, -1)
read -> (-1, -1)
( -> (-1, -1)
id -> (8, 0)
) -> (-1, -1)
; -> (-1, -1)
read -> (-1, -1)
( -> (-1, -1)
id -> (9, 0)
) -> (-1, -1)
; -> (-1, -1)
integer -> (-1, -1)
id -> (8, 1)
= -> (-1, -1)
id -> (7, 0)
; -> (-1, -1)
if -> (-1, -1)
( -> (-1, -1)
id -> (8, 1)
< -> (-1, -1)
id -> (8, 0)
) -> (-1, -1)
{ -> (-1, -1)
id -> (8, 1)
= -> (-1, -1)
id -> (8, 0)
; -> (-1, -1)
} -> (-1, -1)
if -> (-1, -1)
( -> (-1, -1)
id -> (8, 1)
< -> (-1, -1)
id -> (9, 0)
) -> (-1, -1)
{ -> (-1, -1)
id -> (8, 1)
= -> (-1, -1)
id -> (9, 0)
; -> (-1, -1)
} -> (-1, -1)
write -> (-1, -1)
( -> (-1, -1)
id -> (8, 1)
) -> (-1, -1)
; -> (-1, -1)
} -> (-1, -1)
