23 -> (-1, -1)
3 -> (-1, -1)
24 -> (-1, -1)
5 -> (-1, -1)
1 -> (0, 0)
6 -> (-1, -1)
9 -> (-1, -1)
24 -> (-1, -1)
5 -> (-1, -1)
1 -> (4, 0)
6 -> (-1, -1)
10 -> (-1, -1)
31 -> (-1, -1)
5 -> (-1, -1)
2 -> (8, 0)
6 -> (-1, -1)
10 -> (-1, -1)
30 -> (-1, -1)
5 -> (-1, -1)
1 -> (0, 0)
6 -> (-1, -1)
10 -> (-1, -1)
24 -> (-1, -1)
5 -> (-1, -1)
1 -> (1, 0)
6 -> (-1, -1)
16 -> (-1, -1)
2 -> (0, 0)
10 -> (-1, -1)
29 -> (-1, -1)
5 -> (-1, -1)
1 -> (0, 0)
18 -> (-1, -1)
2 -> (0, 0)
6 -> (-1, -1)
3 -> (-1, -1)
30 -> (-1, -1)
5 -> (-1, -1)
1 -> (4, 0)
6 -> (-1, -1)
10 -> (-1, -1)
1 -> (1, 0)
16 -> (-1, -1)
1 -> (1, 0)
12 -> (-1, -1)
1 -> (4, 0)
10 -> (-1, -1)
1 -> (0, 0)
16 -> (-1, -1)
1 -> (0, 0)
13 -> (-1, -1)
2 -> (1, 0)
10 -> (-1, -1)
4 -> (-1, -1)
31 -> (-1, -1)
5 -> (-1, -1)
2 -> (4, 0)
6 -> (-1, -1)
10 -> (-1, -1)
31 -> (-1, -1)
5 -> (-1, -1)
1 -> (1, 0)
6 -> (-1, -1)
10 -> (-1, -1)
4 -> (-1, -1)
